  [1m[35m (632.8ms)[0m  [1m[35mCREATE DATABASE "nightycats_development" ENCODING = 'unicode'[0m
  ↳ bin/rails:9
  [1m[35m (74.0ms)[0m  [1m[35mCREATE DATABASE "nightycats_test" ENCODING = 'unicode'[0m
  ↳ bin/rails:9
  [1m[35m (96.1ms)[0m  [1m[35mCREATE TABLE "schema_migrations" ("version" character varying NOT NULL PRIMARY KEY)[0m
  ↳ bin/rails:9
  [1m[35m (5.8ms)[0m  [1m[35mCREATE TABLE "ar_internal_metadata" ("key" character varying NOT NULL PRIMARY KEY, "value" character varying, "created_at" timestamp NOT NULL, "updated_at" timestamp NOT NULL)[0m
  ↳ bin/rails:9
  [1m[35m (0.5ms)[0m  [1m[34mSELECT pg_try_advisory_lock(3649101456544649175)[0m
  ↳ bin/rails:9
  [1m[35m (0.7ms)[0m  [1m[34mSELECT "schema_migrations"."version" FROM "schema_migrations" ORDER BY "schema_migrations"."version" ASC[0m
  ↳ bin/rails:9
Migrating to CreateCats (20210403201335)
  [1m[35m (0.2ms)[0m  [1m[35mBEGIN[0m
  ↳ bin/rails:9
  [1m[35m (8.3ms)[0m  [1m[35mCREATE TABLE "cats" ("id" bigserial primary key, "birth_date" date NOT NULL, "color" character varying NOT NULL, "name" character varying NOT NULL, "sex" character varying(1) NOT NULL, "description" text, "created_at" timestamp NOT NULL, "updated_at" timestamp NOT NULL)[0m
  ↳ db/migrate/20210403201335_create_cats.rb:3
  [1m[36mActiveRecord::SchemaMigration Create (0.8ms)[0m  [1m[32mINSERT INTO "schema_migrations" ("version") VALUES ($1) RETURNING "version"[0m  [["version", "20210403201335"]]
  ↳ bin/rails:9
  [1m[35m (0.8ms)[0m  [1m[35mCOMMIT[0m
  ↳ bin/rails:9
  [1m[36mActiveRecord::InternalMetadata Load (0.4ms)[0m  [1m[34mSELECT  "ar_internal_metadata".* FROM "ar_internal_metadata" WHERE "ar_internal_metadata"."key" = $1 LIMIT $2[0m  [["key", "environment"], ["LIMIT", 1]]
  ↳ bin/rails:9
  [1m[35m (1.0ms)[0m  [1m[35mBEGIN[0m
  ↳ bin/rails:9
  [1m[36mActiveRecord::InternalMetadata Create (0.8ms)[0m  [1m[32mINSERT INTO "ar_internal_metadata" ("key", "value", "created_at", "updated_at") VALUES ($1, $2, $3, $4) RETURNING "key"[0m  [["key", "environment"], ["value", "development"], ["created_at", "2021-04-03 21:10:57.512539"], ["updated_at", "2021-04-03 21:10:57.512539"]]
  ↳ bin/rails:9
  [1m[35m (1.2ms)[0m  [1m[35mCOMMIT[0m
  ↳ bin/rails:9
  [1m[35m (0.7ms)[0m  [1m[34mSELECT pg_advisory_unlock(3649101456544649175)[0m
  ↳ bin/rails:9
  [1m[35m (0.4ms)[0m  [1m[34mSELECT "schema_migrations"."version" FROM "schema_migrations" ORDER BY "schema_migrations"."version" ASC[0m
  ↳ bin/rails:9
  [1m[35m (0.5ms)[0m  [1m[34mSELECT "schema_migrations"."version" FROM "schema_migrations" ORDER BY "schema_migrations"."version" ASC[0m
  ↳ bin/rails:9
  [1m[35m (0.3ms)[0m  [1m[35mBEGIN[0m
  [1m[35m (0.6ms)[0m  [1m[31mROLLBACK[0m
  [1m[35m (0.2ms)[0m  [1m[35mBEGIN[0m
  [1m[35m (0.2ms)[0m  [1m[31mROLLBACK[0m
  [1m[35m (0.2ms)[0m  [1m[35mBEGIN[0m
  [1m[35m (2.9ms)[0m  [1m[31mROLLBACK[0m
  [1m[35m (0.2ms)[0m  [1m[35mBEGIN[0m
  [1m[35m (0.7ms)[0m  [1m[31mROLLBACK[0m
Started GET "/" for ::1 at 2021-04-03 14:44:33 -0700
  [1m[35m (1.3ms)[0m  [1m[34mSELECT "schema_migrations"."version" FROM "schema_migrations" ORDER BY "schema_migrations"."version" ASC[0m
  ↳ /home/voldemort/.ruby/gems/activerecord-5.2.5/lib/active_record/log_subscriber.rb:98
Processing by Rails::WelcomeController#index as HTML
  Rendering /home/voldemort/.ruby/gems/railties-5.2.5/lib/rails/templates/rails/welcome/index.html.erb
  Rendered /home/voldemort/.ruby/gems/railties-5.2.5/lib/rails/templates/rails/welcome/index.html.erb (31.9ms)
Completed 200 OK in 116ms (Views: 83.3ms | ActiveRecord: 0.0ms)


Started GET "/1" for ::1 at 2021-04-03 14:44:57 -0700
  
ActionController::RoutingError (No route matches [GET] "/1"):
  
actionpack (5.2.5) lib/action_dispatch/middleware/debug_exceptions.rb:65:in `call'
web-console (3.7.0) lib/web_console/middleware.rb:135:in `call_app'
web-console (3.7.0) lib/web_console/middleware.rb:30:in `block in call'
web-console (3.7.0) lib/web_console/middleware.rb:20:in `catch'
web-console (3.7.0) lib/web_console/middleware.rb:20:in `call'
actionpack (5.2.5) lib/action_dispatch/middleware/show_exceptions.rb:33:in `call'
railties (5.2.5) lib/rails/rack/logger.rb:38:in `call_app'
railties (5.2.5) lib/rails/rack/logger.rb:26:in `block in call'
activesupport (5.2.5) lib/active_support/tagged_logging.rb:71:in `block in tagged'
activesupport (5.2.5) lib/active_support/tagged_logging.rb:28:in `tagged'
activesupport (5.2.5) lib/active_support/tagged_logging.rb:71:in `tagged'
railties (5.2.5) lib/rails/rack/logger.rb:26:in `call'
sprockets-rails (3.2.2) lib/sprockets/rails/quiet_assets.rb:13:in `call'
actionpack (5.2.5) lib/action_dispatch/middleware/remote_ip.rb:81:in `call'
actionpack (5.2.5) lib/action_dispatch/middleware/request_id.rb:27:in `call'
rack (2.2.3) lib/rack/method_override.rb:24:in `call'
rack (2.2.3) lib/rack/runtime.rb:22:in `call'
activesupport (5.2.5) lib/active_support/cache/strategy/local_cache_middleware.rb:29:in `call'
actionpack (5.2.5) lib/action_dispatch/middleware/executor.rb:14:in `call'
actionpack (5.2.5) lib/action_dispatch/middleware/static.rb:127:in `call'
rack (2.2.3) lib/rack/sendfile.rb:110:in `call'
railties (5.2.5) lib/rails/engine.rb:524:in `call'
puma (3.12.6) lib/puma/configuration.rb:227:in `call'
puma (3.12.6) lib/puma/server.rb:706:in `handle_request'
puma (3.12.6) lib/puma/server.rb:476:in `process_client'
puma (3.12.6) lib/puma/server.rb:334:in `block in run'
puma (3.12.6) lib/puma/thread_pool.rb:135:in `block in spawn_thread'
Started GET "/1" for ::1 at 2021-04-03 14:46:47 -0700
  
ActionController::RoutingError (No route matches [GET] "/1"):
  
actionpack (5.2.5) lib/action_dispatch/middleware/debug_exceptions.rb:65:in `call'
web-console (3.7.0) lib/web_console/middleware.rb:135:in `call_app'
web-console (3.7.0) lib/web_console/middleware.rb:30:in `block in call'
web-console (3.7.0) lib/web_console/middleware.rb:20:in `catch'
web-console (3.7.0) lib/web_console/middleware.rb:20:in `call'
actionpack (5.2.5) lib/action_dispatch/middleware/show_exceptions.rb:33:in `call'
railties (5.2.5) lib/rails/rack/logger.rb:38:in `call_app'
railties (5.2.5) lib/rails/rack/logger.rb:26:in `block in call'
activesupport (5.2.5) lib/active_support/tagged_logging.rb:71:in `block in tagged'
activesupport (5.2.5) lib/active_support/tagged_logging.rb:28:in `tagged'
activesupport (5.2.5) lib/active_support/tagged_logging.rb:71:in `tagged'
railties (5.2.5) lib/rails/rack/logger.rb:26:in `call'
sprockets-rails (3.2.2) lib/sprockets/rails/quiet_assets.rb:13:in `call'
actionpack (5.2.5) lib/action_dispatch/middleware/remote_ip.rb:81:in `call'
actionpack (5.2.5) lib/action_dispatch/middleware/request_id.rb:27:in `call'
rack (2.2.3) lib/rack/method_override.rb:24:in `call'
rack (2.2.3) lib/rack/runtime.rb:22:in `call'
activesupport (5.2.5) lib/active_support/cache/strategy/local_cache_middleware.rb:29:in `call'
actionpack (5.2.5) lib/action_dispatch/middleware/executor.rb:14:in `call'
actionpack (5.2.5) lib/action_dispatch/middleware/static.rb:127:in `call'
rack (2.2.3) lib/rack/sendfile.rb:110:in `call'
railties (5.2.5) lib/rails/engine.rb:524:in `call'
puma (3.12.6) lib/puma/configuration.rb:227:in `call'
puma (3.12.6) lib/puma/server.rb:706:in `handle_request'
puma (3.12.6) lib/puma/server.rb:476:in `process_client'
puma (3.12.6) lib/puma/server.rb:334:in `block in run'
puma (3.12.6) lib/puma/thread_pool.rb:135:in `block in spawn_thread'
Started GET "/" for ::1 at 2021-04-03 14:46:52 -0700
Processing by Rails::WelcomeController#index as HTML
  Rendering /home/voldemort/.ruby/gems/railties-5.2.5/lib/rails/templates/rails/welcome/index.html.erb
  Rendered /home/voldemort/.ruby/gems/railties-5.2.5/lib/rails/templates/rails/welcome/index.html.erb (7.8ms)
Completed 200 OK in 17ms (Views: 10.9ms | ActiveRecord: 0.0ms)


Started GET "/cats" for ::1 at 2021-04-03 14:47:40 -0700
Processing by CatsController#index as HTML
Completed 500 Internal Server Error in 478ms (ActiveRecord: 0.0ms)



NameError - undefined local variable or method `param' for #<CatsController:0x000055b42c2ef9b0>
Did you mean?  params
               params=:
  app/controllers/cats_controller.rb:5:in `index'

Started POST "/__better_errors/a05b2d5740d9dd3f/variables" for ::1 at 2021-04-03 14:47:41 -0700
Started GET "/cats" for ::1 at 2021-04-03 14:48:31 -0700
Processing by CatsController#index as HTML
  [1m[36mCat Load (1.0ms)[0m  [1m[34mSELECT  "cats".* FROM "cats" LIMIT $1[0m  [["LIMIT", 1]]
  ↳ app/controllers/cats_controller.rb:5
Completed 200 OK in 36ms (Views: 0.8ms | ActiveRecord: 7.7ms)


Started GET "/cats" for ::1 at 2021-04-03 14:48:36 -0700
Processing by CatsController#index as HTML
  [1m[36mCat Load (1.0ms)[0m  [1m[34mSELECT  "cats".* FROM "cats" LIMIT $1[0m  [["LIMIT", 1]]
  ↳ app/controllers/cats_controller.rb:5
Completed 200 OK in 4ms (Views: 0.2ms | ActiveRecord: 1.0ms)


Started GET "/cats" for ::1 at 2021-04-03 14:48:39 -0700
Processing by CatsController#index as HTML
  [1m[36mCat Load (1.5ms)[0m  [1m[34mSELECT  "cats".* FROM "cats" LIMIT $1[0m  [["LIMIT", 1]]
  ↳ app/controllers/cats_controller.rb:5
Completed 200 OK in 3ms (Views: 0.2ms | ActiveRecord: 1.5ms)


Started GET "/cats" for ::1 at 2021-04-03 14:50:03 -0700
Processing by CatsController#index as HTML
Completed 500 Internal Server Error in 18ms (ActiveRecord: 0.0ms)



ActionView::MissingTemplate - Missing template cats/index, application/index with {:locale=>[:en], :formats=>[:html], :variants=>[], :handlers=>[:raw, :erb, :html, :builder, :ruby, :coffee, :jbuilder]}. Searched in:
  * "/home/voldemort/Desktop/class/W6D5/nightycats/app/views":
  app/controllers/cats_controller.rb:6:in `index'

Started POST "/__better_errors/150d80faec981de1/variables" for ::1 at 2021-04-03 14:50:04 -0700
  [1m[36mCat Load (0.4ms)[0m  [1m[34mSELECT  "cats".* FROM "cats" LIMIT $1[0m  [["LIMIT", 11]]
  ↳ /home/voldemort/.ruby/gems/activerecord-5.2.5/lib/active_record/log_subscriber.rb:98
Started GET "/cats" for ::1 at 2021-04-03 14:50:43 -0700
Processing by CatsController#index as HTML
Completed 200 OK in 9ms (Views: 0.5ms | ActiveRecord: 0.0ms)


Started GET "/cats" for ::1 at 2021-04-03 14:50:45 -0700
Processing by CatsController#index as HTML
Completed 200 OK in 0ms (Views: 0.1ms | ActiveRecord: 0.0ms)


Started GET "/cats" for ::1 at 2021-04-03 14:50:46 -0700
Processing by CatsController#index as HTML
Completed 200 OK in 1ms (Views: 0.1ms | ActiveRecord: 0.0ms)


Started GET "/cats" for ::1 at 2021-04-03 14:50:47 -0700
Processing by CatsController#index as HTML
Completed 200 OK in 9ms (Views: 0.2ms | ActiveRecord: 0.0ms)


Started GET "/cats" for ::1 at 2021-04-03 14:50:48 -0700
Processing by CatsController#index as HTML
Completed 200 OK in 1ms (Views: 0.2ms | ActiveRecord: 0.0ms)


Started GET "/cats" for ::1 at 2021-04-03 14:50:48 -0700
Processing by CatsController#index as HTML
Completed 200 OK in 3ms (Views: 0.3ms | ActiveRecord: 0.0ms)


Started GET "/cats" for ::1 at 2021-04-03 15:00:53 -0700
Processing by CatsController#index as HTML
Completed 500 Internal Server Error in 21ms (ActiveRecord: 0.0ms)



ActionView::MissingTemplate - Missing template cats/index, application/index with {:locale=>[:en], :formats=>[:html], :variants=>[], :handlers=>[:raw, :erb, :html, :builder, :ruby, :coffee, :jbuilder]}. Searched in:
  * "/home/voldemort/Desktop/class/W6D5/nightycats/app/views":
  app/controllers/cats_controller.rb:6:in `index'

Started POST "/__better_errors/a614cce7a50d23ce/variables" for ::1 at 2021-04-03 15:00:53 -0700
  [1m[36mCat Load (0.7ms)[0m  [1m[34mSELECT  "cats".* FROM "cats" LIMIT $1[0m  [["LIMIT", 11]]
  ↳ /home/voldemort/.ruby/gems/activerecord-5.2.5/lib/active_record/log_subscriber.rb:98
Started GET "/cats" for ::1 at 2021-04-03 15:05:02 -0700
Processing by CatsController#index as HTML
  Rendering cats/index.html.erb within layouts/application
  [1m[36mCat Load (2.1ms)[0m  [1m[34mSELECT "cats".* FROM "cats"[0m
  ↳ app/views/cats/index.html.erb:6
  Rendered cats/index.html.erb within layouts/application (6.1ms)
Completed 500 Internal Server Error in 16ms (ActiveRecord: 2.1ms)



SyntaxError - syntax error, unexpected '<'
  </head>
  ^
/home/voldemort/Desktop/class/W6D5/nightycats/app/views/layouts/application.html.erb:14: unknown regexp options - bdy
/home/voldemort/Desktop/class/W6D5/nightycats/app/views/layouts/application.html.erb:15: syntax error, unexpected '<'
</html>
^
/home/voldemort/Desktop/class/W6D5/nightycats/app/views/layouts/application.html.erb:20: unterminated regexp meets end of file
          end
             ^
/home/voldemort/Desktop/class/W6D5/nightycats/app/views/layouts/application.html.erb:20: syntax error, unexpected end-of-input, expecting ')'
          end
             ^:
  app/views/layouts/application.html.erb:10:in `'
  app/controllers/cats_controller.rb:6:in `index'

Started POST "/__better_errors/bc1a3f843ea9b3ba/variables" for ::1 at 2021-04-03 15:05:02 -0700
Started GET "/cats" for ::1 at 2021-04-03 15:06:03 -0700
Processing by CatsController#index as HTML
  Rendering cats/index.html.erb within layouts/application
  [1m[36mCat Load (0.8ms)[0m  [1m[34mSELECT "cats".* FROM "cats"[0m
  ↳ app/views/cats/index.html.erb:6
  Rendered cats/index.html.erb within layouts/application (10.6ms)
Completed 200 OK in 1117ms (Views: 1115.7ms | ActiveRecord: 0.8ms)


Started GET "/cats" for ::1 at 2021-04-03 15:06:06 -0700
Processing by CatsController#index as HTML
  Rendering cats/index.html.erb within layouts/application
  [1m[36mCat Load (1.7ms)[0m  [1m[34mSELECT "cats".* FROM "cats"[0m
  ↳ app/views/cats/index.html.erb:6
  Rendered cats/index.html.erb within layouts/application (9.0ms)
Completed 200 OK in 59ms (Views: 56.7ms | ActiveRecord: 1.7ms)


Started GET "/cats" for ::1 at 2021-04-03 15:06:11 -0700
Processing by CatsController#index as HTML
  Rendering cats/index.html.erb within layouts/application
  [1m[36mCat Load (0.3ms)[0m  [1m[34mSELECT "cats".* FROM "cats"[0m
  ↳ app/views/cats/index.html.erb:6
  Rendered cats/index.html.erb within layouts/application (3.7ms)
Completed 200 OK in 80ms (Views: 69.8ms | ActiveRecord: 0.3ms)


Started GET "/cats" for ::1 at 2021-04-03 15:06:12 -0700
Processing by CatsController#index as HTML
  Rendering cats/index.html.erb within layouts/application
  [1m[36mCat Load (0.3ms)[0m  [1m[34mSELECT "cats".* FROM "cats"[0m
  ↳ app/views/cats/index.html.erb:6
  Rendered cats/index.html.erb within layouts/application (10.6ms)
Completed 200 OK in 57ms (Views: 55.5ms | ActiveRecord: 0.3ms)


Started GET "/cats" for ::1 at 2021-04-03 15:06:14 -0700
Processing by CatsController#index as HTML
  Rendering cats/index.html.erb within layouts/application
  [1m[36mCat Load (7.3ms)[0m  [1m[34mSELECT "cats".* FROM "cats"[0m
  ↳ app/views/cats/index.html.erb:6
  Rendered cats/index.html.erb within layouts/application (8.9ms)
Completed 200 OK in 43ms (Views: 35.1ms | ActiveRecord: 7.3ms)


Started GET "/cats/new" for ::1 at 2021-04-03 15:06:20 -0700

AbstractController::ActionNotFound - The action 'new' could not be found for CatsController:

Started POST "/__better_errors/f58d38088c2e7bdc/variables" for ::1 at 2021-04-03 15:06:20 -0700
Started GET "/cats" for ::1 at 2021-04-03 15:06:36 -0700
Processing by CatsController#index as HTML
  Rendering cats/index.html.erb within layouts/application
  [1m[36mCat Load (3.1ms)[0m  [1m[34mSELECT "cats".* FROM "cats"[0m
  ↳ app/views/cats/index.html.erb:6
  Rendered cats/index.html.erb within layouts/application (4.6ms)
Completed 200 OK in 50ms (Views: 44.7ms | ActiveRecord: 3.1ms)


Started GET "/cats/new" for ::1 at 2021-04-03 15:07:51 -0700

AbstractController::ActionNotFound - The action 'new' could not be found for CatsController:

Started POST "/__better_errors/29972b2c40d79f9d/variables" for ::1 at 2021-04-03 15:07:51 -0700
Started GET "/cats" for ::1 at 2021-04-03 15:13:51 -0700
Processing by CatsController#index as HTML
  Rendering cats/index.html.erb within layouts/application
  Rendered cats/index.html.erb within layouts/application (1.1ms)
Completed 200 OK in 55ms (Views: 54.2ms | ActiveRecord: 0.0ms)


Started GET "/cats" for ::1 at 2021-04-03 15:23:07 -0700
Processing by CatsController#index as HTML
  Rendering cats/index.html.erb within layouts/application
  [1m[36mCat Load (4.2ms)[0m  [1m[34mSELECT "cats".* FROM "cats"[0m
  ↳ app/views/cats/index.html.erb:6
  Rendered cats/index.html.erb within layouts/application (5.6ms)
Completed 200 OK in 62ms (Views: 56.7ms | ActiveRecord: 4.2ms)


  [1m[35m (0.6ms)[0m  [1m[34mSELECT "schema_migrations"."version" FROM "schema_migrations" ORDER BY "schema_migrations"."version" ASC[0m
  ↳ bin/rails:9
  [1m[35m (1.0ms)[0m  [1m[34mSELECT "schema_migrations"."version" FROM "schema_migrations" ORDER BY "schema_migrations"."version" ASC[0m
  ↳ bin/rails:9
  [1m[35m (0.3ms)[0m  [1m[35mBEGIN[0m
  ↳ db/seeds.rb:9
  [1m[36mCat Create (0.9ms)[0m  [1m[32mINSERT INTO "cats" ("birth_date", "color", "name", "sex", "description", "created_at", "updated_at") VALUES ($1, $2, $3, $4, $5, $6, $7) RETURNING "id"[0m  [["birth_date", "1982-08-02"], ["color", "black"], ["name", "Alex"], ["sex", "M"], ["description", "naughty cat"], ["created_at", "2021-04-03 22:27:55.039910"], ["updated_at", "2021-04-03 22:27:55.039910"]]
  ↳ db/seeds.rb:9
  [1m[35m (0.6ms)[0m  [1m[35mCOMMIT[0m
  ↳ db/seeds.rb:9
  [1m[35m (0.1ms)[0m  [1m[35mBEGIN[0m
  ↳ db/seeds.rb:10
  [1m[36mCat Create (0.4ms)[0m  [1m[32mINSERT INTO "cats" ("birth_date", "color", "name", "sex", "description", "created_at", "updated_at") VALUES ($1, $2, $3, $4, $5, $6, $7) RETURNING "id"[0m  [["birth_date", "1582-08-02"], ["color", "black"], ["name", "Jin"], ["sex", "F"], ["description", "good cat"], ["created_at", "2021-04-03 22:27:55.044276"], ["updated_at", "2021-04-03 22:27:55.044276"]]
  ↳ db/seeds.rb:10
  [1m[35m (0.4ms)[0m  [1m[35mCOMMIT[0m
  ↳ db/seeds.rb:10
Started GET "/cats" for ::1 at 2021-04-03 15:28:11 -0700
Processing by CatsController#index as HTML
  Rendering cats/index.html.erb within layouts/application
  [1m[36mCat Load (0.6ms)[0m  [1m[34mSELECT "cats".* FROM "cats"[0m
  ↳ app/views/cats/index.html.erb:6
  Rendered cats/index.html.erb within layouts/application (108.2ms)
Completed 200 OK in 186ms (Views: 175.2ms | ActiveRecord: 10.4ms)


Started GET "/cats" for ::1 at 2021-04-03 15:28:14 -0700
Processing by CatsController#index as HTML
  Rendering cats/index.html.erb within layouts/application
  [1m[36mCat Load (6.2ms)[0m  [1m[34mSELECT "cats".* FROM "cats"[0m
  ↳ app/views/cats/index.html.erb:6
  Rendered cats/index.html.erb within layouts/application (8.9ms)
Completed 200 OK in 52ms (Views: 43.8ms | ActiveRecord: 6.2ms)


Started GET "/cats" for ::1 at 2021-04-03 15:28:56 -0700
Processing by CatsController#index as HTML
  Rendering cats/index.html.erb within layouts/application
  [1m[36mCat Load (3.2ms)[0m  [1m[34mSELECT "cats".* FROM "cats"[0m
  ↳ app/views/cats/index.html.erb:6
  Rendered cats/index.html.erb within layouts/application (9.6ms)
Completed 200 OK in 78ms (Views: 73.0ms | ActiveRecord: 3.2ms)


Started GET "/cats" for ::1 at 2021-04-03 15:29:25 -0700
Processing by CatsController#index as HTML
  Rendering cats/index.html.erb within layouts/application
  [1m[36mCat Load (0.6ms)[0m  [1m[34mSELECT "cats".* FROM "cats"[0m
  ↳ app/views/cats/index.html.erb:6
  Rendered cats/index.html.erb within layouts/application (237909.6ms)
Completed 200 OK in 237964ms (Views: 237962.1ms | ActiveRecord: 0.6ms)


Started GET "/cats" for ::1 at 2021-04-03 15:33:28 -0700
Processing by CatsController#index as HTML
  Rendering cats/index.html.erb within layouts/application
  [1m[36mCat Load (0.3ms)[0m  [1m[34mSELECT "cats".* FROM "cats"[0m
  ↳ app/views/cats/index.html.erb:6
  Rendered cats/index.html.erb within layouts/application (8.7ms)
Completed 200 OK in 82ms (Views: 79.0ms | ActiveRecord: 0.3ms)


Started GET "/cats" for ::1 at 2021-04-03 15:38:46 -0700
Processing by CatsController#index as HTML
  Rendering cats/index.html.erb within layouts/application
  [1m[36mCat Load (0.6ms)[0m  [1m[34mSELECT "cats".* FROM "cats"[0m
  ↳ app/views/cats/index.html.erb:6
  Rendered cats/index.html.erb within layouts/application (9.7ms)
Completed 200 OK in 87ms (Views: 85.9ms | ActiveRecord: 0.6ms)


Started GET "/cats" for ::1 at 2021-04-03 15:38:49 -0700
Processing by CatsController#index as HTML
  Rendering cats/index.html.erb within layouts/application
  [1m[36mCat Load (0.4ms)[0m  [1m[34mSELECT "cats".* FROM "cats"[0m
  ↳ app/views/cats/index.html.erb:6
  Rendered cats/index.html.erb within layouts/application (6.0ms)
Completed 200 OK in 78ms (Views: 71.8ms | ActiveRecord: 0.4ms)


Started GET "/cats" for ::1 at 2021-04-03 15:47:26 -0700
Processing by CatsController#index as HTML
  Rendering cats/index.html.erb within layouts/application
  [1m[36mCat Load (2.7ms)[0m  [1m[34mSELECT "cats".* FROM "cats"[0m
  ↳ app/views/cats/index.html.erb:6
  Rendered cats/index.html.erb within layouts/application (12.2ms)
Completed 200 OK in 119ms (Views: 114.4ms | ActiveRecord: 2.7ms)


Started GET "/cat_url(cat)" for ::1 at 2021-04-03 15:47:29 -0700
  
ActionController::RoutingError (No route matches [GET] "/cat_url(cat)"):
  
actionpack (5.2.5) lib/action_dispatch/middleware/debug_exceptions.rb:65:in `call'
web-console (3.7.0) lib/web_console/middleware.rb:135:in `call_app'
web-console (3.7.0) lib/web_console/middleware.rb:30:in `block in call'
web-console (3.7.0) lib/web_console/middleware.rb:20:in `catch'
web-console (3.7.0) lib/web_console/middleware.rb:20:in `call'
actionpack (5.2.5) lib/action_dispatch/middleware/show_exceptions.rb:33:in `call'
railties (5.2.5) lib/rails/rack/logger.rb:38:in `call_app'
railties (5.2.5) lib/rails/rack/logger.rb:26:in `block in call'
activesupport (5.2.5) lib/active_support/tagged_logging.rb:71:in `block in tagged'
activesupport (5.2.5) lib/active_support/tagged_logging.rb:28:in `tagged'
activesupport (5.2.5) lib/active_support/tagged_logging.rb:71:in `tagged'
railties (5.2.5) lib/rails/rack/logger.rb:26:in `call'
sprockets-rails (3.2.2) lib/sprockets/rails/quiet_assets.rb:13:in `call'
actionpack (5.2.5) lib/action_dispatch/middleware/remote_ip.rb:81:in `call'
actionpack (5.2.5) lib/action_dispatch/middleware/request_id.rb:27:in `call'
rack (2.2.3) lib/rack/method_override.rb:24:in `call'
rack (2.2.3) lib/rack/runtime.rb:22:in `call'
activesupport (5.2.5) lib/active_support/cache/strategy/local_cache_middleware.rb:29:in `call'
actionpack (5.2.5) lib/action_dispatch/middleware/executor.rb:14:in `call'
actionpack (5.2.5) lib/action_dispatch/middleware/static.rb:127:in `call'
rack (2.2.3) lib/rack/sendfile.rb:110:in `call'
railties (5.2.5) lib/rails/engine.rb:524:in `call'
puma (3.12.6) lib/puma/configuration.rb:227:in `call'
puma (3.12.6) lib/puma/server.rb:706:in `handle_request'
puma (3.12.6) lib/puma/server.rb:476:in `process_client'
puma (3.12.6) lib/puma/server.rb:334:in `block in run'
puma (3.12.6) lib/puma/thread_pool.rb:135:in `block in spawn_thread'
Started GET "/cats/1" for ::1 at 2021-04-03 15:50:24 -0700
Processing by CatsController#show as HTML
  Parameters: {"id"=>"1"}
Started GET "/cats/1" for ::1 at 2021-04-03 15:52:34 -0700
  [1m[35m (0.6ms)[0m  [1m[34mSELECT "schema_migrations"."version" FROM "schema_migrations" ORDER BY "schema_migrations"."version" ASC[0m
  ↳ /home/voldemort/.ruby/gems/activerecord-5.2.5/lib/active_record/log_subscriber.rb:98
Processing by CatsController#show as HTML
  Parameters: {"id"=>"1"}
  [1m[36mCat Load (202.8ms)[0m  [1m[34mSELECT  "cats".* FROM "cats" WHERE (1) LIMIT $1[0m  [["LIMIT", 1]]
  ↳ app/controllers/cats_controller.rb:10
Completed 500 Internal Server Error in 221ms (ActiveRecord: 208.3ms)



ActiveRecord::StatementInvalid - PG::DatatypeMismatch: ERROR:  argument of WHERE must be type boolean, not type integer
LINE 1: SELECT  "cats".* FROM "cats" WHERE (1) LIMIT $1
                                            ^
: SELECT  "cats".* FROM "cats" WHERE (1) LIMIT $1:
  app/controllers/cats_controller.rb:10:in `show'

Started POST "/__better_errors/c0f079ad84e4de9a/variables" for ::1 at 2021-04-03 15:52:35 -0700
Started GET "/cats/1" for ::1 at 2021-04-03 15:52:38 -0700
Processing by CatsController#show as HTML
  Parameters: {"id"=>"1"}
  [1m[36mCat Load (2.1ms)[0m  [1m[34mSELECT  "cats".* FROM "cats" WHERE (1) LIMIT $1[0m  [["LIMIT", 1]]
  ↳ app/controllers/cats_controller.rb:10
Completed 500 Internal Server Error in 7ms (ActiveRecord: 2.1ms)



ActiveRecord::StatementInvalid - PG::DatatypeMismatch: ERROR:  argument of WHERE must be type boolean, not type integer
LINE 1: SELECT  "cats".* FROM "cats" WHERE (1) LIMIT $1
                                            ^
: SELECT  "cats".* FROM "cats" WHERE (1) LIMIT $1:
  app/controllers/cats_controller.rb:10:in `show'

Started POST "/__better_errors/25082535661270db/variables" for ::1 at 2021-04-03 15:52:38 -0700
Started GET "/cats/1" for ::1 at 2021-04-03 15:53:06 -0700
Processing by CatsController#show as HTML
  Parameters: {"id"=>"1"}
  [1m[36mCat Load (17.6ms)[0m  [1m[34mSELECT  "cats".* FROM "cats" WHERE (1) LIMIT $1[0m  [["LIMIT", 1]]
  ↳ app/controllers/cats_controller.rb:11
Completed 500 Internal Server Error in 10232ms (ActiveRecord: 19.0ms)



ActiveRecord::StatementInvalid - PG::DatatypeMismatch: ERROR:  argument of WHERE must be type boolean, not type integer
LINE 1: SELECT  "cats".* FROM "cats" WHERE (1) LIMIT $1
                                            ^
: SELECT  "cats".* FROM "cats" WHERE (1) LIMIT $1:
  app/controllers/cats_controller.rb:11:in `show'

Started POST "/__better_errors/06e8ad1c9776b1d5/variables" for ::1 at 2021-04-03 15:53:16 -0700
  [1m[36mCat Load (1.3ms)[0m  [1m[34mSELECT "cats".* FROM "cats"[0m
Started GET "/cats/1" for ::1 at 2021-04-03 15:55:46 -0700
Processing by CatsController#show as HTML
  Parameters: {"id"=>"1"}
  [1m[36mCat Load (0.5ms)[0m  [1m[34mSELECT  "cats".* FROM "cats" WHERE "cats"."id" = $1 LIMIT $2[0m  [["id", 1], ["LIMIT", 1]]
  ↳ app/controllers/cats_controller.rb:11
Completed 406 Not Acceptable in 21429ms (ActiveRecord: 5.1ms)



ActionController::UnknownFormat - CatsController#show is missing a template for this request format and variant.
request.formats: ["text/html"]
request.variant: []
NOTE! For XHR/Ajax or API requests, this action would normally respond with 204 No Content: an empty white screen. Since you're loading it in a web browser, we assume that you expected to actually render a template, not nothing, so we're showing an error to be extra-clear. If you expect 204 No Content, carry on. That's what you'll get from an XHR or API request. Give it a shot.:

Started POST "/__better_errors/b19f1cae7acc2f6c/variables" for ::1 at 2021-04-03 15:56:07 -0700
Started GET "/cats/1" for ::1 at 2021-04-03 15:56:15 -0700
Processing by CatsController#show as HTML
  Parameters: {"id"=>"1"}
  [1m[36mCat Load (3.5ms)[0m  [1m[34mSELECT  "cats".* FROM "cats" WHERE "cats"."id" = $1 LIMIT $2[0m  [["id", 1], ["LIMIT", 1]]
  ↳ app/controllers/cats_controller.rb:10
Completed 406 Not Acceptable in 28669ms (ActiveRecord: 19.8ms)



ActionController::UnknownFormat - CatsController#show is missing a template for this request format and variant.
request.formats: ["text/html"]
request.variant: []
NOTE! For XHR/Ajax or API requests, this action would normally respond with 204 No Content: an empty white screen. Since you're loading it in a web browser, we assume that you expected to actually render a template, not nothing, so we're showing an error to be extra-clear. If you expect 204 No Content, carry on. That's what you'll get from an XHR or API request. Give it a shot.:

Started POST "/__better_errors/6e26a8d7135308a2/variables" for ::1 at 2021-04-03 15:56:44 -0700
Started GET "/cats/1" for ::1 at 2021-04-03 16:01:21 -0700
Processing by CatsController#show as HTML
  Parameters: {"id"=>"1"}
  [1m[36mCat Load (0.6ms)[0m  [1m[34mSELECT  "cats".* FROM "cats" WHERE "cats"."id" = $1 LIMIT $2[0m  [["id", 1], ["LIMIT", 1]]
  ↳ app/controllers/cats_controller.rb:10
  Rendering cats/show.html.erb within layouts/application
  Rendered cats/show.html.erb within layouts/application (1.3ms)
Completed 200 OK in 709ms (Views: 653.7ms | ActiveRecord: 14.1ms)


Started GET "/cats/1" for ::1 at 2021-04-03 16:22:03 -0700
Processing by CatsController#show as HTML
  Parameters: {"id"=>"1"}
  [1m[36mCat Load (0.6ms)[0m  [1m[34mSELECT  "cats".* FROM "cats" WHERE "cats"."id" = $1 LIMIT $2[0m  [["id", 1], ["LIMIT", 1]]
  ↳ app/controllers/cats_controller.rb:10
  Rendering cats/show.html.erb within layouts/application
  Rendered cats/show.html.erb within layouts/application (1.3ms)
Completed 200 OK in 69ms (Views: 58.7ms | ActiveRecord: 4.3ms)


Started GET "/cats/1" for ::1 at 2021-04-03 16:22:56 -0700
Processing by CatsController#show as HTML
  Parameters: {"id"=>"1"}
  [1m[36mCat Load (1.7ms)[0m  [1m[34mSELECT  "cats".* FROM "cats" WHERE "cats"."id" = $1 LIMIT $2[0m  [["id", 1], ["LIMIT", 1]]
  ↳ app/controllers/cats_controller.rb:10
  Rendering cats/show.html.erb within layouts/application
  Rendered cats/show.html.erb within layouts/application (0.4ms)
Completed 200 OK in 70ms (Views: 66.6ms | ActiveRecord: 1.7ms)


Started GET "/cats/1" for ::1 at 2021-04-03 16:24:12 -0700
Processing by CatsController#show as HTML
  Parameters: {"id"=>"1"}
  [1m[36mCat Load (0.8ms)[0m  [1m[34mSELECT  "cats".* FROM "cats" WHERE "cats"."id" = $1 LIMIT $2[0m  [["id", 1], ["LIMIT", 1]]
  ↳ app/controllers/cats_controller.rb:10
  Rendering cats/show.html.erb within layouts/application
  Rendered cats/show.html.erb within layouts/application (9.5ms)
Completed 200 OK in 67ms (Views: 64.6ms | ActiveRecord: 0.8ms)


Started GET "/cats/1" for ::1 at 2021-04-03 16:24:30 -0700
Processing by CatsController#show as HTML
  Parameters: {"id"=>"1"}
  [1m[36mCat Load (0.3ms)[0m  [1m[34mSELECT  "cats".* FROM "cats" WHERE "cats"."id" = $1 LIMIT $2[0m  [["id", 1], ["LIMIT", 1]]
  ↳ app/controllers/cats_controller.rb:10
  Rendering cats/show.html.erb within layouts/application
  Rendered cats/show.html.erb within layouts/application (0.6ms)
Completed 200 OK in 52ms (Views: 44.4ms | ActiveRecord: 0.3ms)


Started GET "/cats/1" for ::1 at 2021-04-03 16:24:59 -0700
Processing by CatsController#show as HTML
  Parameters: {"id"=>"1"}
  [1m[36mCat Load (2.4ms)[0m  [1m[34mSELECT  "cats".* FROM "cats" WHERE "cats"."id" = $1 LIMIT $2[0m  [["id", 1], ["LIMIT", 1]]
  ↳ app/controllers/cats_controller.rb:10
  Rendering cats/show.html.erb within layouts/application
  Rendered cats/show.html.erb within layouts/application (0.5ms)
Completed 200 OK in 79ms (Views: 75.2ms | ActiveRecord: 2.4ms)


Started GET "/cats/1" for ::1 at 2021-04-03 16:25:50 -0700
Processing by CatsController#show as HTML
  Parameters: {"id"=>"1"}
  [1m[36mCat Load (1.7ms)[0m  [1m[34mSELECT  "cats".* FROM "cats" WHERE "cats"."id" = $1 LIMIT $2[0m  [["id", 1], ["LIMIT", 1]]
  ↳ app/controllers/cats_controller.rb:10
  Rendering cats/show.html.erb within layouts/application
  Rendered cats/show.html.erb within layouts/application (0.7ms)
Completed 200 OK in 64ms (Views: 53.2ms | ActiveRecord: 1.7ms)


Started GET "/cats/1" for ::1 at 2021-04-03 16:28:27 -0700
Processing by CatsController#show as HTML
  Parameters: {"id"=>"1"}
  [1m[36mCat Load (2.0ms)[0m  [1m[34mSELECT  "cats".* FROM "cats" WHERE "cats"."id" = $1 LIMIT $2[0m  [["id", 1], ["LIMIT", 1]]
  ↳ app/controllers/cats_controller.rb:10
  Rendering cats/show.html.erb within layouts/application
  Rendered cats/show.html.erb within layouts/application (0.7ms)
Completed 200 OK in 68ms (Views: 64.4ms | ActiveRecord: 2.0ms)


Started GET "/cats/1" for ::1 at 2021-04-03 16:29:39 -0700
Processing by CatsController#show as HTML
  Parameters: {"id"=>"1"}
  [1m[36mCat Load (0.4ms)[0m  [1m[34mSELECT  "cats".* FROM "cats" WHERE "cats"."id" = $1 LIMIT $2[0m  [["id", 1], ["LIMIT", 1]]
  ↳ app/controllers/cats_controller.rb:10
  Rendering cats/show.html.erb within layouts/application
  Rendered cats/show.html.erb within layouts/application (1.7ms)
Completed 200 OK in 174ms (Views: 162.8ms | ActiveRecord: 0.4ms)


Started GET "/cats/1" for ::1 at 2021-04-03 16:31:05 -0700
Processing by CatsController#show as HTML
  Parameters: {"id"=>"1"}
  [1m[36mCat Load (3.5ms)[0m  [1m[34mSELECT  "cats".* FROM "cats" WHERE "cats"."id" = $1 LIMIT $2[0m  [["id", 1], ["LIMIT", 1]]
  ↳ app/controllers/cats_controller.rb:10
  Rendering cats/show.html.erb within layouts/application
  Rendered cats/show.html.erb within layouts/application (2.7ms)
Completed 200 OK in 127ms (Views: 109.0ms | ActiveRecord: 3.5ms)


Started GET "/cats/1" for ::1 at 2021-04-03 16:31:10 -0700
Processing by CatsController#show as HTML
  Parameters: {"id"=>"1"}
  [1m[36mCat Load (0.5ms)[0m  [1m[34mSELECT  "cats".* FROM "cats" WHERE "cats"."id" = $1 LIMIT $2[0m  [["id", 1], ["LIMIT", 1]]
  ↳ app/controllers/cats_controller.rb:10
  Rendering cats/show.html.erb within layouts/application
  Rendered cats/show.html.erb within layouts/application (0.5ms)
Completed 200 OK in 78ms (Views: 74.8ms | ActiveRecord: 0.5ms)


Started GET "/cats/1" for ::1 at 2021-04-03 16:32:41 -0700
Processing by CatsController#show as HTML
  Parameters: {"id"=>"1"}
  [1m[36mCat Load (1.8ms)[0m  [1m[34mSELECT  "cats".* FROM "cats" WHERE "cats"."id" = $1 LIMIT $2[0m  [["id", 1], ["LIMIT", 1]]
  ↳ app/controllers/cats_controller.rb:10
  Rendering cats/show.html.erb within layouts/application
  Rendered cats/show.html.erb within layouts/application (2.2ms)
Completed 200 OK in 88ms (Views: 78.3ms | ActiveRecord: 1.8ms)


